[I 10:00:03.070 NotebookApp] Writing notebook server cookie secret to /root/.local/share/jupyter/runtime/notebook_cookie_secret
[I 10:00:03.290 NotebookApp] Serving notebooks from local directory: /app
[I 10:00:03.290 NotebookApp] The Jupyter Notebook is running at:
[I 10:00:03.290 NotebookApp] http://05dd91385812:8080/?token=4e4275e66fc63a18a921e5ffcfaad62ff9ba6551ba1793e1
[I 10:00:03.290 NotebookApp]  or http://127.0.0.1:8080/?token=4e4275e66fc63a18a921e5ffcfaad62ff9ba6551ba1793e1
[I 10:00:03.290 NotebookApp] Use Control-C to stop this server and shut down all kernels (twice to skip confirmation).
[W 10:00:03.293 NotebookApp] No web browser found: could not locate runnable browser.
[C 10:00:03.293 NotebookApp] 
    
    To access the notebook, open this file in a browser:
        file:///root/.local/share/jupyter/runtime/nbserver-16-open.html
    Or copy and paste one of these URLs:
        http://05dd91385812:8080/?token=4e4275e66fc63a18a921e5ffcfaad62ff9ba6551ba1793e1
     or http://127.0.0.1:8080/?token=4e4275e66fc63a18a921e5ffcfaad62ff9ba6551ba1793e1
[I 10:00:08.165 NotebookApp] 302 GET /?token=4e4275e66fc63a18a921e5ffcfaad62ff9ba6551ba1793e1 (172.18.0.1) 0.45ms
[I 10:00:12.472 NotebookApp] Writing notebook-signing key to /root/.local/share/jupyter/notebook_secret
[W 10:00:12.473 NotebookApp] Notebook sail/orchestrator_demo.ipynb is not trusted
[I 10:00:12.834 NotebookApp] Kernel started: b14394ab-194d-4556-afca-01ad5280bb9d
[IPKernelApp] ERROR | No such comm target registered: jupyter.widget.version
[IPKernelApp] ERROR | No such comm target registered: jupyter.widget.version
[I 12:55:15.961 NotebookApp] Starting buffering for b14394ab-194d-4556-afca-01ad5280bb9d:16e1cfd118cc450bb109b471782de2c4
[W 12:55:16.239 NotebookApp] Notebook sail/orchestrator_demo.ipynb is not trusted
[IPKernelApp] ERROR | No such comm target registered: jupyter.widget.version
[I 12:55:49.328 NotebookApp] Saving file at /sail/orchestrator_demo.ipynb
[W 12:55:49.328 NotebookApp] Notebook sail/orchestrator_demo.ipynb is not trusted
[I 12:57:00.832 NotebookApp] KernelRestarter: restarting kernel (1/5), keep random ports
WARNING:root:kernel b14394ab-194d-4556-afca-01ad5280bb9d restarted
[I 12:57:06.102 NotebookApp] Starting buffering for b14394ab-194d-4556-afca-01ad5280bb9d:d0944d17b46347efa702076ab4d93eec
[I 12:57:06.307 NotebookApp] Kernel restarted: b14394ab-194d-4556-afca-01ad5280bb9d
[I 12:57:06.644 NotebookApp] Restoring connection for b14394ab-194d-4556-afca-01ad5280bb9d:d0944d17b46347efa702076ab4d93eec
[I 12:57:06.644 NotebookApp] Replaying 6 buffered messages
[IPKernelApp] ERROR | No such comm target registered: jupyter.widget.version
[I 12:57:16.440 NotebookApp] Saving file at /sail/orchestrator_demo.ipynb
[I 13:11:48.049 NotebookApp] Starting buffering for b14394ab-194d-4556-afca-01ad5280bb9d:d0944d17b46347efa702076ab4d93eec
[I 13:11:48.655 NotebookApp] Kernel restarted: b14394ab-194d-4556-afca-01ad5280bb9d
[I 13:11:48.907 NotebookApp] Restoring connection for b14394ab-194d-4556-afca-01ad5280bb9d:d0944d17b46347efa702076ab4d93eec
[I 13:11:48.908 NotebookApp] Replaying 3 buffered messages
[IPKernelApp] ERROR | No such comm target registered: jupyter.widget.version
[I 13:13:16.438 NotebookApp] Saving file at /sail/orchestrator_demo.ipynb
[I 13:16:21.656 NotebookApp] KernelRestarter: restarting kernel (1/5), keep random ports
WARNING:root:kernel b14394ab-194d-4556-afca-01ad5280bb9d restarted
[I 13:16:25.827 NotebookApp] Starting buffering for b14394ab-194d-4556-afca-01ad5280bb9d:d0944d17b46347efa702076ab4d93eec
[I 13:16:26.033 NotebookApp] Kernel restarted: b14394ab-194d-4556-afca-01ad5280bb9d
[I 13:16:26.307 NotebookApp] Restoring connection for b14394ab-194d-4556-afca-01ad5280bb9d:d0944d17b46347efa702076ab4d93eec
[I 13:16:26.308 NotebookApp] Replaying 3 buffered messages
[IPKernelApp] ERROR | No such comm target registered: jupyter.widget.version
[I 13:17:16.439 NotebookApp] Saving file at /sail/orchestrator_demo.ipynb
[I 13:19:16.436 NotebookApp] Saving file at /sail/orchestrator_demo.ipynb
[I 13:26:03.675 NotebookApp] Starting buffering for b14394ab-194d-4556-afca-01ad5280bb9d:d0944d17b46347efa702076ab4d93eec
[I 13:26:03.983 NotebookApp] Kernel restarted: b14394ab-194d-4556-afca-01ad5280bb9d
[I 13:26:04.382 NotebookApp] Restoring connection for b14394ab-194d-4556-afca-01ad5280bb9d:d0944d17b46347efa702076ab4d93eec
[I 13:26:04.382 NotebookApp] Replaying 5 buffered messages
[IPKernelApp] ERROR | No such comm target registered: jupyter.widget.version
[I 13:27:16.439 NotebookApp] Saving file at /sail/orchestrator_demo.ipynb
[I 13:37:16.444 NotebookApp] Saving file at /sail/orchestrator_demo.ipynb
[I 14:57:16.452 NotebookApp] Saving file at /sail/orchestrator_demo.ipynb
[I 15:05:16.453 NotebookApp] Saving file at /sail/orchestrator_demo.ipynb
[I 15:17:16.455 NotebookApp] Saving file at /sail/orchestrator_demo.ipynb
[I 15:23:16.456 NotebookApp] Saving file at /sail/orchestrator_demo.ipynb
[I 15:33:16.457 NotebookApp] Saving file at /sail/orchestrator_demo.ipynb
[I 15:53:16.460 NotebookApp] Saving file at /sail/orchestrator_demo.ipynb
