Arguments: 
  /usr/bin/node /usr/bin/yarn install

PATH: 
  /home/adam/.local/bin:/home/adam/.local/share/solana/install/active_release/bin:/home/adam/.node_modules/bin:/home/adam/.node_modules:/home/adam/.emacs.d/bin:/home/adam/.cargo/bin:/opt/gcc-arm-none-eabi-10-2020-q4-major/bin:/usr/local/bin:/usr/bin:/usr/local/sbin:/opt/cuda/bin:/opt/cuda/nsight_compute:/opt/cuda/nsight_systems/bin:/var/lib/flatpak/exports/bin:/usr/lib/jvm/default/bin:/usr/bin/site_perl:/usr/bin/vendor_perl:/usr/bin/core_perl

Yarn version: 
  1.22.17

Node version: 
  14.19.0

Platform: 
  linux x64

Trace: 
  Error: https://registry.yarnpkg.com/@secureailabs%2fweb-ui: Not found
      at Request.params.callback [as _callback] (/usr/lib/node_modules/yarn/lib/cli.js:67029:18)
      at Request.self.callback (/usr/lib/node_modules/yarn/lib/cli.js:140883:22)
      at Request.emit (events.js:400:28)
      at Request.<anonymous> (/usr/lib/node_modules/yarn/lib/cli.js:141855:10)
      at Request.emit (events.js:400:28)
      at IncomingMessage.<anonymous> (/usr/lib/node_modules/yarn/lib/cli.js:141777:12)
      at Object.onceWrapper (events.js:519:28)
      at IncomingMessage.emit (events.js:412:35)
      at endReadableNT (internal/streams/readable.js:1334:12)
      at processTicksAndRejections (internal/process/task_queues.js:82:21)

npm manifest: 
  {
    "name": "sail-portal",
    "private": true,
    "version": "0.0.0",
    "scripts": {
      "dev": "vite",
      "build": "tsc && vite build",
      "preview": "vite preview"
    },
    "dependencies": {
      "@hookform/resolvers": "^2.5.1",
      "@secureailabs/web-ui": "^1.3.16",
      "@types/faker": "5.5.3",
      "@types/react-grid-layout": "^1.1.2",
      "@types/react-measure": "^2.0.8",
      "@types/react-modal": "^3.12.0",
      "@types/react-table": "^7.7.2",
      "@types/react-transition-group": "^4.4.1",
      "@types/redux": "^3.6.0",
      "axios": "^0.21.1",
      "change-case": "^4.1.2",
      "chart.js": "^3.7.1",
      "chartjs-plugin-datalabels": "^2.0.0",
      "chartjs-plugin-labels": "^1.1.0",
      "eqcss": "^1.9.2",
      "faker": "5.5.3",
      "javascript-time-ago": "^2.3.13",
      "lodash": "^4.17.21",
      "rc-slider": "^10.0.0-alpha.4",
      "react": "^17.0.2",
      "react-chartjs-2": "^4.0.1",
      "react-dimensions": "^1.3.1",
      "react-dom": "^17.0.2",
      "react-grid-layout": "^1.3.3",
      "react-hook-form": "^7.6.2",
      "react-icons": "^4.3.1",
      "react-loader-spinner": "^4.0.0",
      "react-measure": "^2.5.2",
      "react-modal": "^3.14.3",
      "react-range": "^1.8.12",
      "react-redux": "^7.2.4",
      "react-resizable": "^3.0.4",
      "react-router": "^6.2.1",
      "react-router-dom": "^6.2.1",
      "react-select": "^5.2.2",
      "react-table": "^7.7.0",
      "react-transition-group": "^4.4.2",
      "redux": "^4.1.0",
      "redux-persist": "^6.0.0",
      "redux-saga": "^1.1.3",
      "redux-thunk": "^2.3.0",
      "reselect": "^4.0.0",
      "typesafe-actions": "^5.1.0",
      "typescript": "^4.2.4",
      "yup": "^0.32.9",
      "yup-password": "^0.2.1",
      "yup-phone": "^1.2.19"
    },
    "devDependencies": {
      "@types/react": "^17.0.33",
      "@types/react-dom": "^17.0.10",
      "@vitejs/plugin-react": "^1.0.7",
      "@testing-library/react": "^11.2.6",
      "@types/chai": "^4.2.17",
      "@types/mocha": "^8.2.2",
      "@types/react-router-dom": "^5.1.7",
      "@types/react-transition-group": "^4.4.1",
      "@typescript-eslint/eslint-plugin": "^4.15.1",
      "@typescript-eslint/parser": "^4.15.1",
      "@web/test-runner": "^0.13.3",
      "chai": "^4.3.4",
      "eslint": "^7.20.0",
      "eslint-config-airbnb": "^18.2.1",
      "eslint-config-prettier": "^8.3.0",
      "eslint-import-resolver-typescript": "^2.4.0",
      "eslint-plugin-import": "^2.22.1",
      "eslint-plugin-jsx-a11y": "^6.4.1",
      "eslint-plugin-prettier": "^3.4.0",
      "eslint-plugin-react": "^7.22.0",
      "eslint-plugin-react-hooks": "^4.2.0",
      "prettier": "2.2.1",
      "typescript": "^4.5.4",
      "vite": "^2.8.0"
    }
  }

yarn manifest: 
  No manifest

Lockfile: 
  No lockfile
